ARM GAS  C:\Users\DELL\AppData\Local\Temp\ccWabQ1D.s 			page 1


   1              		.syntax unified
   2              		.cpu cortex-m3
   3              		.fpu softvfp
   4              		.eabi_attribute 20, 1
   5              		.eabi_attribute 21, 1
   6              		.eabi_attribute 23, 3
   7              		.eabi_attribute 24, 1
   8              		.eabi_attribute 25, 1
   9              		.eabi_attribute 26, 1
  10              		.eabi_attribute 30, 1
  11              		.eabi_attribute 34, 1
  12              		.eabi_attribute 18, 4
  13              		.thumb
  14              		.syntax unified
  15              		.file	"main.c"
  16              		.text
  17              	.Ltext0:
  18              		.cfi_sections	.debug_frame
  19              		.section	.text.main,"ax",%progbits
  20              		.align	2
  21              		.global	main
  22              		.thumb
  23              		.thumb_func
  24              		.type	main, %function
  25              	main:
  26              	.LFB64:
  27              		.file 1 "main.c"
   1:main.c        **** /* ========================================
   2:main.c        ****  *
   3:main.c        ****  * Copyright Quang Minh Vu Metropolia UAS
   4:main.c        ****  * All Rights Reserved
   5:main.c        ****  * UNPUBLISHED, LICENSED SOFTWARE.
   6:main.c        ****  *
   7:main.c        ****  * CC - BY - SA 4.0
   8:main.c        ****  *   
   9:main.c        ****  * PSoC fundamentals Exercise 1
  10:main.c        ****  * Blink LED approx. 1.s when button is pressed
  11:main.c        ****  * 
  12:main.c        ****  * ========================================
  13:main.c        **** */
  14:main.c        **** #include "project.h"
  15:main.c        **** #include "stdio.h"
  16:main.c        **** 
  17:main.c        **** int main(void)
  18:main.c        **** {
  28              		.loc 1 18 0
  29              		.cfi_startproc
  30              		@ args = 0, pretend = 0, frame = 32
  31              		@ frame_needed = 0, uses_anonymous_args = 0
  32 0000 30B5     		push	{r4, r5, lr}
  33              		.cfi_def_cfa_offset 12
  34              		.cfi_offset 4, -12
  35              		.cfi_offset 5, -8
  36              		.cfi_offset 14, -4
  37 0002 89B0     		sub	sp, sp, #36
  38              		.cfi_def_cfa_offset 48
  19:main.c        ****     CyGlobalIntEnable; /* Enable global interrupts. */
ARM GAS  C:\Users\DELL\AppData\Local\Temp\ccWabQ1D.s 			page 2


  39              		.loc 1 19 0
  40              		.syntax unified
  41              	@ 19 "main.c" 1
  42 0004 62B6     		CPSIE   i
  43              	@ 0 "" 2
  44              	.LVL0:
  20:main.c        **** 
  21:main.c        ****     /* Place your initialization/startup code here (e.g. MyInst_Start()) */
  22:main.c        ****     uint8 count = 0;
  23:main.c        ****     char str[20] = {"Quang Vu\r\n"};
  45              		.loc 1 23 0
  46              		.thumb
  47              		.syntax unified
  48 0006 194A     		ldr	r2, .L6
  49 0008 03AB     		add	r3, sp, #12
  50 000a 07CA     		ldmia	r2, {r0, r1, r2}
  51 000c 03C3     		stmia	r3!, {r0, r1}
  52 000e 23F8022B 		strh	r2, [r3], #2	@ movhi
  53 0012 120C     		lsrs	r2, r2, #16
  54 0014 1A70     		strb	r2, [r3]
  55 0016 0024     		movs	r4, #0
  56 0018 CDF81740 		str	r4, [sp, #23]	@ unaligned
  57 001c CDF81B40 		str	r4, [sp, #27]	@ unaligned
  58 0020 8DF81F40 		strb	r4, [sp, #31]
  24:main.c        ****     
  25:main.c        ****     UART_Start();
  59              		.loc 1 25 0
  60 0024 FFF7FEFF 		bl	UART_Start
  61              	.LVL1:
  26:main.c        ****     /* Transmit name terminated with CR/LF (string) on the beginning of the program */
  27:main.c        ****     UART_PutString(str);
  62              		.loc 1 27 0
  63 0028 03A8     		add	r0, sp, #12
  64 002a FFF7FEFF 		bl	UART_PutString
  65              	.LVL2:
  66              	.L2:
  28:main.c        ****     for(;;)
  29:main.c        ****     {
  30:main.c        ****         if (!Button_Read()) {
  67              		.loc 1 30 0
  68 002e FFF7FEFF 		bl	Button_Read
  69              	.LVL3:
  70 0032 50B9     		cbnz	r0, .L3
  31:main.c        ****             LED1_Write(count++ % 2);
  71              		.loc 1 31 0
  72 0034 651C     		adds	r5, r4, #1
  73 0036 EDB2     		uxtb	r5, r5
  74              	.LVL4:
  75 0038 04F00100 		and	r0, r4, #1
  76 003c FFF7FEFF 		bl	LED1_Write
  77              	.LVL5:
  32:main.c        ****             CyDelay(500);
  78              		.loc 1 32 0
  79 0040 4FF4FA70 		mov	r0, #500
  80 0044 FFF7FEFF 		bl	CyDelay
  81              	.LVL6:
  31:main.c        ****             LED1_Write(count++ % 2);
ARM GAS  C:\Users\DELL\AppData\Local\Temp\ccWabQ1D.s 			page 3


  82              		.loc 1 31 0
  83 0048 2C46     		mov	r4, r5
  84              	.LVL7:
  85              	.L3:
  33:main.c        ****         }
  34:main.c        ****         LED1_Write(0); /* Turn off LED when the button is released */
  86              		.loc 1 34 0
  87 004a 0020     		movs	r0, #0
  88 004c FFF7FEFF 		bl	LED1_Write
  89              	.LVL8:
  35:main.c        ****         if (UART_GetChar()) { /* On UART read */
  90              		.loc 1 35 0
  91 0050 FFF7FEFF 		bl	UART_GetChar
  92              	.LVL9:
  93 0054 0028     		cmp	r0, #0
  94 0056 EAD0     		beq	.L2
  95              	.LBB2:
  36:main.c        ****             char buffer[5];
  37:main.c        ****             sprintf(buffer, "%d ", count/2); /* Save int to string buffer, divide by 2 for number o
  96              		.loc 1 37 0
  97 0058 6208     		lsrs	r2, r4, #1
  98 005a 0549     		ldr	r1, .L6+4
  99 005c 01A8     		add	r0, sp, #4
 100 005e FFF7FEFF 		bl	sprintf
 101              	.LVL10:
  38:main.c        ****             UART_PutString(buffer); /* Print to screen */
 102              		.loc 1 38 0
 103 0062 01A8     		add	r0, sp, #4
 104 0064 FFF7FEFF 		bl	UART_PutString
 105              	.LVL11:
 106 0068 E1E7     		b	.L2
 107              	.L7:
 108 006a 00BF     		.align	2
 109              	.L6:
 110 006c 00000000 		.word	.LANCHOR0
 111 0070 00000000 		.word	.LC1
 112              	.LBE2:
 113              		.cfi_endproc
 114              	.LFE64:
 115              		.size	main, .-main
 116              		.section	.rodata
 117              		.align	2
 118              		.set	.LANCHOR0,. + 0
 119              	.LC0:
 120 0000 5175616E 		.ascii	"Quang Vu\015\012\000"
 120      67205675 
 120      0D0A00
 121 000b 00000000 		.space	9
 121      00000000 
 121      00
 122              		.section	.rodata.str1.4,"aMS",%progbits,1
 123              		.align	2
 124              	.LC1:
 125 0000 25642000 		.ascii	"%d \000"
 126              		.text
 127              	.Letext0:
 128              		.file 2 "d:\\school\\summer 2020\\soc\\psoc creator\\4.2\\psoc creator\\import\\gnu\\arm\\5.4.1\\a
ARM GAS  C:\Users\DELL\AppData\Local\Temp\ccWabQ1D.s 			page 4


 129              		.file 3 "d:\\school\\summer 2020\\soc\\psoc creator\\4.2\\psoc creator\\import\\gnu\\arm\\5.4.1\\a
 130              		.file 4 "Generated_Source\\PSoC5/cytypes.h"
 131              		.file 5 "d:\\school\\summer 2020\\soc\\psoc creator\\4.2\\psoc creator\\import\\gnu\\arm\\5.4.1\\a
 132              		.file 6 "Generated_Source\\PSoC5/UART.h"
 133              		.file 7 "Generated_Source\\PSoC5/Button.h"
 134              		.file 8 "Generated_Source\\PSoC5/LED1.h"
 135              		.file 9 "Generated_Source\\PSoC5/CyLib.h"
 136              		.file 10 "Generated_Source\\PSoC5/core_cm3.h"
 137              		.section	.debug_info,"",%progbits
 138              	.Ldebug_info0:
 139 0000 20020000 		.4byte	0x220
 140 0004 0400     		.2byte	0x4
 141 0006 00000000 		.4byte	.Ldebug_abbrev0
 142 000a 04       		.byte	0x4
 143 000b 01       		.uleb128 0x1
 144 000c 29000000 		.4byte	.LASF26
 145 0010 0C       		.byte	0xc
 146 0011 97010000 		.4byte	.LASF27
 147 0015 00010000 		.4byte	.LASF28
 148 0019 00000000 		.4byte	.Ldebug_ranges0+0
 149 001d 00000000 		.4byte	0
 150 0021 00000000 		.4byte	.Ldebug_line0
 151 0025 02       		.uleb128 0x2
 152 0026 01       		.byte	0x1
 153 0027 06       		.byte	0x6
 154 0028 E2010000 		.4byte	.LASF0
 155 002c 02       		.uleb128 0x2
 156 002d 01       		.byte	0x1
 157 002e 08       		.byte	0x8
 158 002f 1B000000 		.4byte	.LASF1
 159 0033 02       		.uleb128 0x2
 160 0034 02       		.byte	0x2
 161 0035 05       		.byte	0x5
 162 0036 B6010000 		.4byte	.LASF2
 163 003a 02       		.uleb128 0x2
 164 003b 02       		.byte	0x2
 165 003c 07       		.byte	0x7
 166 003d C9000000 		.4byte	.LASF3
 167 0041 03       		.uleb128 0x3
 168 0042 0B000000 		.4byte	.LASF9
 169 0046 02       		.byte	0x2
 170 0047 3F       		.byte	0x3f
 171 0048 4C000000 		.4byte	0x4c
 172 004c 02       		.uleb128 0x2
 173 004d 04       		.byte	0x4
 174 004e 05       		.byte	0x5
 175 004f CD010000 		.4byte	.LASF4
 176 0053 02       		.uleb128 0x2
 177 0054 04       		.byte	0x4
 178 0055 07       		.byte	0x7
 179 0056 B7000000 		.4byte	.LASF5
 180 005a 02       		.uleb128 0x2
 181 005b 08       		.byte	0x8
 182 005c 05       		.byte	0x5
 183 005d 89010000 		.4byte	.LASF6
 184 0061 02       		.uleb128 0x2
 185 0062 08       		.byte	0x8
ARM GAS  C:\Users\DELL\AppData\Local\Temp\ccWabQ1D.s 			page 5


 186 0063 07       		.byte	0x7
 187 0064 55010000 		.4byte	.LASF7
 188 0068 04       		.uleb128 0x4
 189 0069 04       		.byte	0x4
 190 006a 05       		.byte	0x5
 191 006b 696E7400 		.ascii	"int\000"
 192 006f 02       		.uleb128 0x2
 193 0070 04       		.byte	0x4
 194 0071 07       		.byte	0x7
 195 0072 48010000 		.4byte	.LASF8
 196 0076 03       		.uleb128 0x3
 197 0077 6C010000 		.4byte	.LASF10
 198 007b 03       		.byte	0x3
 199 007c 2C       		.byte	0x2c
 200 007d 41000000 		.4byte	0x41
 201 0081 05       		.uleb128 0x5
 202 0082 C7010000 		.4byte	.LASF11
 203 0086 04       		.byte	0x4
 204 0087 E401     		.2byte	0x1e4
 205 0089 2C000000 		.4byte	0x2c
 206 008d 02       		.uleb128 0x2
 207 008e 04       		.byte	0x4
 208 008f 04       		.byte	0x4
 209 0090 15000000 		.4byte	.LASF12
 210 0094 02       		.uleb128 0x2
 211 0095 08       		.byte	0x8
 212 0096 04       		.byte	0x4
 213 0097 F4000000 		.4byte	.LASF13
 214 009b 02       		.uleb128 0x2
 215 009c 01       		.byte	0x1
 216 009d 08       		.byte	0x8
 217 009e 9E010000 		.4byte	.LASF14
 218 00a2 02       		.uleb128 0x2
 219 00a3 08       		.byte	0x8
 220 00a4 04       		.byte	0x4
 221 00a5 D6010000 		.4byte	.LASF15
 222 00a9 02       		.uleb128 0x2
 223 00aa 04       		.byte	0x4
 224 00ab 07       		.byte	0x7
 225 00ac 74010000 		.4byte	.LASF16
 226 00b0 06       		.uleb128 0x6
 227 00b1 FB000000 		.4byte	.LASF29
 228 00b5 01       		.byte	0x1
 229 00b6 11       		.byte	0x11
 230 00b7 68000000 		.4byte	0x68
 231 00bb 00000000 		.4byte	.LFB64
 232 00bf 74000000 		.4byte	.LFE64-.LFB64
 233 00c3 01       		.uleb128 0x1
 234 00c4 9C       		.byte	0x9c
 235 00c5 A5010000 		.4byte	0x1a5
 236 00c9 07       		.uleb128 0x7
 237 00ca B0010000 		.4byte	.LASF17
 238 00ce 01       		.byte	0x1
 239 00cf 16       		.byte	0x16
 240 00d0 81000000 		.4byte	0x81
 241 00d4 00000000 		.4byte	.LLST0
 242 00d8 08       		.uleb128 0x8
ARM GAS  C:\Users\DELL\AppData\Local\Temp\ccWabQ1D.s 			page 6


 243 00d9 73747200 		.ascii	"str\000"
 244 00dd 01       		.byte	0x1
 245 00de 17       		.byte	0x17
 246 00df A5010000 		.4byte	0x1a5
 247 00e3 02       		.uleb128 0x2
 248 00e4 91       		.byte	0x91
 249 00e5 5C       		.sleb128 -36
 250 00e6 09       		.uleb128 0x9
 251 00e7 58000000 		.4byte	.LBB2
 252 00eb 1C000000 		.4byte	.LBE2-.LBB2
 253 00ef 37010000 		.4byte	0x137
 254 00f3 0A       		.uleb128 0xa
 255 00f4 C0010000 		.4byte	.LASF18
 256 00f8 01       		.byte	0x1
 257 00f9 24       		.byte	0x24
 258 00fa B5010000 		.4byte	0x1b5
 259 00fe 02       		.uleb128 0x2
 260 00ff 91       		.byte	0x91
 261 0100 54       		.sleb128 -44
 262 0101 0B       		.uleb128 0xb
 263 0102 62000000 		.4byte	.LVL10
 264 0106 D6010000 		.4byte	0x1d6
 265 010a 26010000 		.4byte	0x126
 266 010e 0C       		.uleb128 0xc
 267 010f 01       		.uleb128 0x1
 268 0110 50       		.byte	0x50
 269 0111 02       		.uleb128 0x2
 270 0112 91       		.byte	0x91
 271 0113 54       		.sleb128 -44
 272 0114 0C       		.uleb128 0xc
 273 0115 01       		.uleb128 0x1
 274 0116 51       		.byte	0x51
 275 0117 05       		.uleb128 0x5
 276 0118 03       		.byte	0x3
 277 0119 00000000 		.4byte	.LC1
 278 011d 0C       		.uleb128 0xc
 279 011e 01       		.uleb128 0x1
 280 011f 52       		.byte	0x52
 281 0120 04       		.uleb128 0x4
 282 0121 74       		.byte	0x74
 283 0122 00       		.sleb128 0
 284 0123 31       		.byte	0x31
 285 0124 25       		.byte	0x25
 286 0125 00       		.byte	0
 287 0126 0D       		.uleb128 0xd
 288 0127 68000000 		.4byte	.LVL11
 289 012b E1010000 		.4byte	0x1e1
 290 012f 0C       		.uleb128 0xc
 291 0130 01       		.uleb128 0x1
 292 0131 50       		.byte	0x50
 293 0132 02       		.uleb128 0x2
 294 0133 91       		.byte	0x91
 295 0134 54       		.sleb128 -44
 296 0135 00       		.byte	0
 297 0136 00       		.byte	0
 298 0137 0E       		.uleb128 0xe
 299 0138 28000000 		.4byte	.LVL1
ARM GAS  C:\Users\DELL\AppData\Local\Temp\ccWabQ1D.s 			page 7


 300 013c EC010000 		.4byte	0x1ec
 301 0140 0B       		.uleb128 0xb
 302 0141 2E000000 		.4byte	.LVL2
 303 0145 E1010000 		.4byte	0x1e1
 304 0149 54010000 		.4byte	0x154
 305 014d 0C       		.uleb128 0xc
 306 014e 01       		.uleb128 0x1
 307 014f 50       		.byte	0x50
 308 0150 02       		.uleb128 0x2
 309 0151 91       		.byte	0x91
 310 0152 5C       		.sleb128 -36
 311 0153 00       		.byte	0
 312 0154 0E       		.uleb128 0xe
 313 0155 32000000 		.4byte	.LVL3
 314 0159 F7010000 		.4byte	0x1f7
 315 015d 0B       		.uleb128 0xb
 316 015e 40000000 		.4byte	.LVL5
 317 0162 02020000 		.4byte	0x202
 318 0166 73010000 		.4byte	0x173
 319 016a 0C       		.uleb128 0xc
 320 016b 01       		.uleb128 0x1
 321 016c 50       		.byte	0x50
 322 016d 04       		.uleb128 0x4
 323 016e 74       		.byte	0x74
 324 016f 00       		.sleb128 0
 325 0170 31       		.byte	0x31
 326 0171 1A       		.byte	0x1a
 327 0172 00       		.byte	0
 328 0173 0B       		.uleb128 0xb
 329 0174 48000000 		.4byte	.LVL6
 330 0178 0D020000 		.4byte	0x20d
 331 017c 88010000 		.4byte	0x188
 332 0180 0C       		.uleb128 0xc
 333 0181 01       		.uleb128 0x1
 334 0182 50       		.byte	0x50
 335 0183 03       		.uleb128 0x3
 336 0184 0A       		.byte	0xa
 337 0185 F401     		.2byte	0x1f4
 338 0187 00       		.byte	0
 339 0188 0B       		.uleb128 0xb
 340 0189 50000000 		.4byte	.LVL8
 341 018d 02020000 		.4byte	0x202
 342 0191 9B010000 		.4byte	0x19b
 343 0195 0C       		.uleb128 0xc
 344 0196 01       		.uleb128 0x1
 345 0197 50       		.byte	0x50
 346 0198 01       		.uleb128 0x1
 347 0199 30       		.byte	0x30
 348 019a 00       		.byte	0
 349 019b 0E       		.uleb128 0xe
 350 019c 54000000 		.4byte	.LVL9
 351 01a0 18020000 		.4byte	0x218
 352 01a4 00       		.byte	0
 353 01a5 0F       		.uleb128 0xf
 354 01a6 9B000000 		.4byte	0x9b
 355 01aa B5010000 		.4byte	0x1b5
 356 01ae 10       		.uleb128 0x10
ARM GAS  C:\Users\DELL\AppData\Local\Temp\ccWabQ1D.s 			page 8


 357 01af A9000000 		.4byte	0xa9
 358 01b3 13       		.byte	0x13
 359 01b4 00       		.byte	0
 360 01b5 0F       		.uleb128 0xf
 361 01b6 9B000000 		.4byte	0x9b
 362 01ba C5010000 		.4byte	0x1c5
 363 01be 10       		.uleb128 0x10
 364 01bf A9000000 		.4byte	0xa9
 365 01c3 04       		.byte	0x4
 366 01c4 00       		.byte	0
 367 01c5 11       		.uleb128 0x11
 368 01c6 E7000000 		.4byte	.LASF30
 369 01ca 0A       		.byte	0xa
 370 01cb 1207     		.2byte	0x712
 371 01cd D1010000 		.4byte	0x1d1
 372 01d1 12       		.uleb128 0x12
 373 01d2 76000000 		.4byte	0x76
 374 01d6 13       		.uleb128 0x13
 375 01d7 FD010000 		.4byte	.LASF19
 376 01db FD010000 		.4byte	.LASF19
 377 01df 05       		.byte	0x5
 378 01e0 E7       		.byte	0xe7
 379 01e1 13       		.uleb128 0x13
 380 01e2 EE010000 		.4byte	.LASF20
 381 01e6 EE010000 		.4byte	.LASF20
 382 01ea 06       		.byte	0x6
 383 01eb 8B       		.byte	0x8b
 384 01ec 13       		.uleb128 0x13
 385 01ed DC000000 		.4byte	.LASF21
 386 01f1 DC000000 		.4byte	.LASF21
 387 01f5 06       		.byte	0x6
 388 01f6 54       		.byte	0x54
 389 01f7 13       		.uleb128 0x13
 390 01f8 7D010000 		.4byte	.LASF22
 391 01fc 7D010000 		.4byte	.LASF22
 392 0200 07       		.byte	0x7
 393 0201 29       		.byte	0x29
 394 0202 13       		.uleb128 0x13
 395 0203 00000000 		.4byte	.LASF23
 396 0207 00000000 		.4byte	.LASF23
 397 020b 08       		.byte	0x8
 398 020c 26       		.byte	0x26
 399 020d 13       		.uleb128 0x13
 400 020e 05020000 		.4byte	.LASF24
 401 0212 05020000 		.4byte	.LASF24
 402 0216 09       		.byte	0x9
 403 0217 76       		.byte	0x76
 404 0218 13       		.uleb128 0x13
 405 0219 A3010000 		.4byte	.LASF25
 406 021d A3010000 		.4byte	.LASF25
 407 0221 06       		.byte	0x6
 408 0222 71       		.byte	0x71
 409 0223 00       		.byte	0
 410              		.section	.debug_abbrev,"",%progbits
 411              	.Ldebug_abbrev0:
 412 0000 01       		.uleb128 0x1
 413 0001 11       		.uleb128 0x11
ARM GAS  C:\Users\DELL\AppData\Local\Temp\ccWabQ1D.s 			page 9


 414 0002 01       		.byte	0x1
 415 0003 25       		.uleb128 0x25
 416 0004 0E       		.uleb128 0xe
 417 0005 13       		.uleb128 0x13
 418 0006 0B       		.uleb128 0xb
 419 0007 03       		.uleb128 0x3
 420 0008 0E       		.uleb128 0xe
 421 0009 1B       		.uleb128 0x1b
 422 000a 0E       		.uleb128 0xe
 423 000b 55       		.uleb128 0x55
 424 000c 17       		.uleb128 0x17
 425 000d 11       		.uleb128 0x11
 426 000e 01       		.uleb128 0x1
 427 000f 10       		.uleb128 0x10
 428 0010 17       		.uleb128 0x17
 429 0011 00       		.byte	0
 430 0012 00       		.byte	0
 431 0013 02       		.uleb128 0x2
 432 0014 24       		.uleb128 0x24
 433 0015 00       		.byte	0
 434 0016 0B       		.uleb128 0xb
 435 0017 0B       		.uleb128 0xb
 436 0018 3E       		.uleb128 0x3e
 437 0019 0B       		.uleb128 0xb
 438 001a 03       		.uleb128 0x3
 439 001b 0E       		.uleb128 0xe
 440 001c 00       		.byte	0
 441 001d 00       		.byte	0
 442 001e 03       		.uleb128 0x3
 443 001f 16       		.uleb128 0x16
 444 0020 00       		.byte	0
 445 0021 03       		.uleb128 0x3
 446 0022 0E       		.uleb128 0xe
 447 0023 3A       		.uleb128 0x3a
 448 0024 0B       		.uleb128 0xb
 449 0025 3B       		.uleb128 0x3b
 450 0026 0B       		.uleb128 0xb
 451 0027 49       		.uleb128 0x49
 452 0028 13       		.uleb128 0x13
 453 0029 00       		.byte	0
 454 002a 00       		.byte	0
 455 002b 04       		.uleb128 0x4
 456 002c 24       		.uleb128 0x24
 457 002d 00       		.byte	0
 458 002e 0B       		.uleb128 0xb
 459 002f 0B       		.uleb128 0xb
 460 0030 3E       		.uleb128 0x3e
 461 0031 0B       		.uleb128 0xb
 462 0032 03       		.uleb128 0x3
 463 0033 08       		.uleb128 0x8
 464 0034 00       		.byte	0
 465 0035 00       		.byte	0
 466 0036 05       		.uleb128 0x5
 467 0037 16       		.uleb128 0x16
 468 0038 00       		.byte	0
 469 0039 03       		.uleb128 0x3
 470 003a 0E       		.uleb128 0xe
ARM GAS  C:\Users\DELL\AppData\Local\Temp\ccWabQ1D.s 			page 10


 471 003b 3A       		.uleb128 0x3a
 472 003c 0B       		.uleb128 0xb
 473 003d 3B       		.uleb128 0x3b
 474 003e 05       		.uleb128 0x5
 475 003f 49       		.uleb128 0x49
 476 0040 13       		.uleb128 0x13
 477 0041 00       		.byte	0
 478 0042 00       		.byte	0
 479 0043 06       		.uleb128 0x6
 480 0044 2E       		.uleb128 0x2e
 481 0045 01       		.byte	0x1
 482 0046 3F       		.uleb128 0x3f
 483 0047 19       		.uleb128 0x19
 484 0048 03       		.uleb128 0x3
 485 0049 0E       		.uleb128 0xe
 486 004a 3A       		.uleb128 0x3a
 487 004b 0B       		.uleb128 0xb
 488 004c 3B       		.uleb128 0x3b
 489 004d 0B       		.uleb128 0xb
 490 004e 27       		.uleb128 0x27
 491 004f 19       		.uleb128 0x19
 492 0050 49       		.uleb128 0x49
 493 0051 13       		.uleb128 0x13
 494 0052 8701     		.uleb128 0x87
 495 0054 19       		.uleb128 0x19
 496 0055 11       		.uleb128 0x11
 497 0056 01       		.uleb128 0x1
 498 0057 12       		.uleb128 0x12
 499 0058 06       		.uleb128 0x6
 500 0059 40       		.uleb128 0x40
 501 005a 18       		.uleb128 0x18
 502 005b 9742     		.uleb128 0x2117
 503 005d 19       		.uleb128 0x19
 504 005e 01       		.uleb128 0x1
 505 005f 13       		.uleb128 0x13
 506 0060 00       		.byte	0
 507 0061 00       		.byte	0
 508 0062 07       		.uleb128 0x7
 509 0063 34       		.uleb128 0x34
 510 0064 00       		.byte	0
 511 0065 03       		.uleb128 0x3
 512 0066 0E       		.uleb128 0xe
 513 0067 3A       		.uleb128 0x3a
 514 0068 0B       		.uleb128 0xb
 515 0069 3B       		.uleb128 0x3b
 516 006a 0B       		.uleb128 0xb
 517 006b 49       		.uleb128 0x49
 518 006c 13       		.uleb128 0x13
 519 006d 02       		.uleb128 0x2
 520 006e 17       		.uleb128 0x17
 521 006f 00       		.byte	0
 522 0070 00       		.byte	0
 523 0071 08       		.uleb128 0x8
 524 0072 34       		.uleb128 0x34
 525 0073 00       		.byte	0
 526 0074 03       		.uleb128 0x3
 527 0075 08       		.uleb128 0x8
ARM GAS  C:\Users\DELL\AppData\Local\Temp\ccWabQ1D.s 			page 11


 528 0076 3A       		.uleb128 0x3a
 529 0077 0B       		.uleb128 0xb
 530 0078 3B       		.uleb128 0x3b
 531 0079 0B       		.uleb128 0xb
 532 007a 49       		.uleb128 0x49
 533 007b 13       		.uleb128 0x13
 534 007c 02       		.uleb128 0x2
 535 007d 18       		.uleb128 0x18
 536 007e 00       		.byte	0
 537 007f 00       		.byte	0
 538 0080 09       		.uleb128 0x9
 539 0081 0B       		.uleb128 0xb
 540 0082 01       		.byte	0x1
 541 0083 11       		.uleb128 0x11
 542 0084 01       		.uleb128 0x1
 543 0085 12       		.uleb128 0x12
 544 0086 06       		.uleb128 0x6
 545 0087 01       		.uleb128 0x1
 546 0088 13       		.uleb128 0x13
 547 0089 00       		.byte	0
 548 008a 00       		.byte	0
 549 008b 0A       		.uleb128 0xa
 550 008c 34       		.uleb128 0x34
 551 008d 00       		.byte	0
 552 008e 03       		.uleb128 0x3
 553 008f 0E       		.uleb128 0xe
 554 0090 3A       		.uleb128 0x3a
 555 0091 0B       		.uleb128 0xb
 556 0092 3B       		.uleb128 0x3b
 557 0093 0B       		.uleb128 0xb
 558 0094 49       		.uleb128 0x49
 559 0095 13       		.uleb128 0x13
 560 0096 02       		.uleb128 0x2
 561 0097 18       		.uleb128 0x18
 562 0098 00       		.byte	0
 563 0099 00       		.byte	0
 564 009a 0B       		.uleb128 0xb
 565 009b 898201   		.uleb128 0x4109
 566 009e 01       		.byte	0x1
 567 009f 11       		.uleb128 0x11
 568 00a0 01       		.uleb128 0x1
 569 00a1 31       		.uleb128 0x31
 570 00a2 13       		.uleb128 0x13
 571 00a3 01       		.uleb128 0x1
 572 00a4 13       		.uleb128 0x13
 573 00a5 00       		.byte	0
 574 00a6 00       		.byte	0
 575 00a7 0C       		.uleb128 0xc
 576 00a8 8A8201   		.uleb128 0x410a
 577 00ab 00       		.byte	0
 578 00ac 02       		.uleb128 0x2
 579 00ad 18       		.uleb128 0x18
 580 00ae 9142     		.uleb128 0x2111
 581 00b0 18       		.uleb128 0x18
 582 00b1 00       		.byte	0
 583 00b2 00       		.byte	0
 584 00b3 0D       		.uleb128 0xd
ARM GAS  C:\Users\DELL\AppData\Local\Temp\ccWabQ1D.s 			page 12


 585 00b4 898201   		.uleb128 0x4109
 586 00b7 01       		.byte	0x1
 587 00b8 11       		.uleb128 0x11
 588 00b9 01       		.uleb128 0x1
 589 00ba 31       		.uleb128 0x31
 590 00bb 13       		.uleb128 0x13
 591 00bc 00       		.byte	0
 592 00bd 00       		.byte	0
 593 00be 0E       		.uleb128 0xe
 594 00bf 898201   		.uleb128 0x4109
 595 00c2 00       		.byte	0
 596 00c3 11       		.uleb128 0x11
 597 00c4 01       		.uleb128 0x1
 598 00c5 31       		.uleb128 0x31
 599 00c6 13       		.uleb128 0x13
 600 00c7 00       		.byte	0
 601 00c8 00       		.byte	0
 602 00c9 0F       		.uleb128 0xf
 603 00ca 01       		.uleb128 0x1
 604 00cb 01       		.byte	0x1
 605 00cc 49       		.uleb128 0x49
 606 00cd 13       		.uleb128 0x13
 607 00ce 01       		.uleb128 0x1
 608 00cf 13       		.uleb128 0x13
 609 00d0 00       		.byte	0
 610 00d1 00       		.byte	0
 611 00d2 10       		.uleb128 0x10
 612 00d3 21       		.uleb128 0x21
 613 00d4 00       		.byte	0
 614 00d5 49       		.uleb128 0x49
 615 00d6 13       		.uleb128 0x13
 616 00d7 2F       		.uleb128 0x2f
 617 00d8 0B       		.uleb128 0xb
 618 00d9 00       		.byte	0
 619 00da 00       		.byte	0
 620 00db 11       		.uleb128 0x11
 621 00dc 34       		.uleb128 0x34
 622 00dd 00       		.byte	0
 623 00de 03       		.uleb128 0x3
 624 00df 0E       		.uleb128 0xe
 625 00e0 3A       		.uleb128 0x3a
 626 00e1 0B       		.uleb128 0xb
 627 00e2 3B       		.uleb128 0x3b
 628 00e3 05       		.uleb128 0x5
 629 00e4 49       		.uleb128 0x49
 630 00e5 13       		.uleb128 0x13
 631 00e6 3F       		.uleb128 0x3f
 632 00e7 19       		.uleb128 0x19
 633 00e8 3C       		.uleb128 0x3c
 634 00e9 19       		.uleb128 0x19
 635 00ea 00       		.byte	0
 636 00eb 00       		.byte	0
 637 00ec 12       		.uleb128 0x12
 638 00ed 35       		.uleb128 0x35
 639 00ee 00       		.byte	0
 640 00ef 49       		.uleb128 0x49
 641 00f0 13       		.uleb128 0x13
ARM GAS  C:\Users\DELL\AppData\Local\Temp\ccWabQ1D.s 			page 13


 642 00f1 00       		.byte	0
 643 00f2 00       		.byte	0
 644 00f3 13       		.uleb128 0x13
 645 00f4 2E       		.uleb128 0x2e
 646 00f5 00       		.byte	0
 647 00f6 3F       		.uleb128 0x3f
 648 00f7 19       		.uleb128 0x19
 649 00f8 3C       		.uleb128 0x3c
 650 00f9 19       		.uleb128 0x19
 651 00fa 6E       		.uleb128 0x6e
 652 00fb 0E       		.uleb128 0xe
 653 00fc 03       		.uleb128 0x3
 654 00fd 0E       		.uleb128 0xe
 655 00fe 3A       		.uleb128 0x3a
 656 00ff 0B       		.uleb128 0xb
 657 0100 3B       		.uleb128 0x3b
 658 0101 0B       		.uleb128 0xb
 659 0102 00       		.byte	0
 660 0103 00       		.byte	0
 661 0104 00       		.byte	0
 662              		.section	.debug_loc,"",%progbits
 663              	.Ldebug_loc0:
 664              	.LLST0:
 665 0000 06000000 		.4byte	.LVL0
 666 0004 2E000000 		.4byte	.LVL2
 667 0008 0200     		.2byte	0x2
 668 000a 30       		.byte	0x30
 669 000b 9F       		.byte	0x9f
 670 000c 2E000000 		.4byte	.LVL2
 671 0010 38000000 		.4byte	.LVL4
 672 0014 0100     		.2byte	0x1
 673 0016 54       		.byte	0x54
 674 0017 38000000 		.4byte	.LVL4
 675 001b 4A000000 		.4byte	.LVL7
 676 001f 0100     		.2byte	0x1
 677 0021 55       		.byte	0x55
 678 0022 4A000000 		.4byte	.LVL7
 679 0026 74000000 		.4byte	.LFE64
 680 002a 0100     		.2byte	0x1
 681 002c 54       		.byte	0x54
 682 002d 00000000 		.4byte	0
 683 0031 00000000 		.4byte	0
 684              		.section	.debug_aranges,"",%progbits
 685 0000 1C000000 		.4byte	0x1c
 686 0004 0200     		.2byte	0x2
 687 0006 00000000 		.4byte	.Ldebug_info0
 688 000a 04       		.byte	0x4
 689 000b 00       		.byte	0
 690 000c 0000     		.2byte	0
 691 000e 0000     		.2byte	0
 692 0010 00000000 		.4byte	.LFB64
 693 0014 74000000 		.4byte	.LFE64-.LFB64
 694 0018 00000000 		.4byte	0
 695 001c 00000000 		.4byte	0
 696              		.section	.debug_ranges,"",%progbits
 697              	.Ldebug_ranges0:
 698 0000 00000000 		.4byte	.LFB64
ARM GAS  C:\Users\DELL\AppData\Local\Temp\ccWabQ1D.s 			page 14


 699 0004 74000000 		.4byte	.LFE64
 700 0008 00000000 		.4byte	0
 701 000c 00000000 		.4byte	0
 702              		.section	.debug_line,"",%progbits
 703              	.Ldebug_line0:
 704 0000 FC010000 		.section	.debug_str,"MS",%progbits,1
 704      0200DB01 
 704      00000201 
 704      FB0E0D00 
 704      01010101 
 705              	.LASF23:
 706 0000 4C454431 		.ascii	"LED1_Write\000"
 706      5F577269 
 706      746500
 707              	.LASF9:
 708 000b 5F5F696E 		.ascii	"__int32_t\000"
 708      7433325F 
 708      7400
 709              	.LASF12:
 710 0015 666C6F61 		.ascii	"float\000"
 710      7400
 711              	.LASF1:
 712 001b 756E7369 		.ascii	"unsigned char\000"
 712      676E6564 
 712      20636861 
 712      7200
 713              	.LASF26:
 714 0029 474E5520 		.ascii	"GNU C11 5.4.1 20160609 (release) [ARM/embedded-5-br"
 714      43313120 
 714      352E342E 
 714      31203230 
 714      31363036 
 715 005c 616E6368 		.ascii	"anch revision 237715] -mcpu=cortex-m3 -mthumb -g -O"
 715      20726576 
 715      6973696F 
 715      6E203233 
 715      37373135 
 716 008f 67202D66 		.ascii	"g -ffunction-sections -ffat-lto-objects\000"
 716      66756E63 
 716      74696F6E 
 716      2D736563 
 716      74696F6E 
 717              	.LASF5:
 718 00b7 6C6F6E67 		.ascii	"long unsigned int\000"
 718      20756E73 
 718      69676E65 
 718      6420696E 
 718      7400
 719              	.LASF3:
 720 00c9 73686F72 		.ascii	"short unsigned int\000"
 720      7420756E 
 720      7369676E 
 720      65642069 
 720      6E7400
 721              	.LASF21:
 722 00dc 55415254 		.ascii	"UART_Start\000"
 722      5F537461 
ARM GAS  C:\Users\DELL\AppData\Local\Temp\ccWabQ1D.s 			page 15


 722      727400
 723              	.LASF30:
 724 00e7 49544D5F 		.ascii	"ITM_RxBuffer\000"
 724      52784275 
 724      66666572 
 724      00
 725              	.LASF13:
 726 00f4 646F7562 		.ascii	"double\000"
 726      6C6500
 727              	.LASF29:
 728 00fb 6D61696E 		.ascii	"main\000"
 728      00
 729              	.LASF28:
 730 0100 443A5C53 		.ascii	"D:\\School\\Summer 2020\\SoC\\PSoC Creator\\PSoC Sp"
 730      63686F6F 
 730      6C5C5375 
 730      6D6D6572 
 730      20323032 
 731 012e 72696E67 		.ascii	"ring 2020\\PSoC5_Ex1.cydsn\000"
 731      20323032 
 731      305C5053 
 731      6F43355F 
 731      4578312E 
 732              	.LASF8:
 733 0148 756E7369 		.ascii	"unsigned int\000"
 733      676E6564 
 733      20696E74 
 733      00
 734              	.LASF7:
 735 0155 6C6F6E67 		.ascii	"long long unsigned int\000"
 735      206C6F6E 
 735      6720756E 
 735      7369676E 
 735      65642069 
 736              	.LASF10:
 737 016c 696E7433 		.ascii	"int32_t\000"
 737      325F7400 
 738              	.LASF16:
 739 0174 73697A65 		.ascii	"sizetype\000"
 739      74797065 
 739      00
 740              	.LASF22:
 741 017d 42757474 		.ascii	"Button_Read\000"
 741      6F6E5F52 
 741      65616400 
 742              	.LASF6:
 743 0189 6C6F6E67 		.ascii	"long long int\000"
 743      206C6F6E 
 743      6720696E 
 743      7400
 744              	.LASF27:
 745 0197 6D61696E 		.ascii	"main.c\000"
 745      2E6300
 746              	.LASF14:
 747 019e 63686172 		.ascii	"char\000"
 747      00
 748              	.LASF25:
ARM GAS  C:\Users\DELL\AppData\Local\Temp\ccWabQ1D.s 			page 16


 749 01a3 55415254 		.ascii	"UART_GetChar\000"
 749      5F476574 
 749      43686172 
 749      00
 750              	.LASF17:
 751 01b0 636F756E 		.ascii	"count\000"
 751      7400
 752              	.LASF2:
 753 01b6 73686F72 		.ascii	"short int\000"
 753      7420696E 
 753      7400
 754              	.LASF18:
 755 01c0 62756666 		.ascii	"buffer\000"
 755      657200
 756              	.LASF11:
 757 01c7 75696E74 		.ascii	"uint8\000"
 757      3800
 758              	.LASF4:
 759 01cd 6C6F6E67 		.ascii	"long int\000"
 759      20696E74 
 759      00
 760              	.LASF15:
 761 01d6 6C6F6E67 		.ascii	"long double\000"
 761      20646F75 
 761      626C6500 
 762              	.LASF0:
 763 01e2 7369676E 		.ascii	"signed char\000"
 763      65642063 
 763      68617200 
 764              	.LASF20:
 765 01ee 55415254 		.ascii	"UART_PutString\000"
 765      5F507574 
 765      53747269 
 765      6E6700
 766              	.LASF19:
 767 01fd 73707269 		.ascii	"sprintf\000"
 767      6E746600 
 768              	.LASF24:
 769 0205 43794465 		.ascii	"CyDelay\000"
 769      6C617900 
 770              		.ident	"GCC: (GNU Tools for ARM Embedded Processors) 5.4.1 20160609 (release) [ARM/embedded-5-bran
