--------------- Build Started: 05/12/2020 16:53:17 Project: QuangPSoC5OneWire, Configuration: ARM GCC 5.4-2016-q2-update Debug ---------------
cydsfit.exe -.appdatapath "C:\Users\DELL\AppData\Local\Cypress Semiconductor\PSoC Creator\4.2" -.fdsnotice -.fdswarpdepfile=warp_dependencies.txt -.fdselabdepfile=elab_dependencies.txt -.fdsbldfile=generated_files.txt -.fdsreffile=referenced_files.txt -p "D:\School\Summer 2020\SoC\PSoC Creator\PSoC Spring 2020\QuangPSoC5OneWire.cydsn\QuangPSoC5OneWire.cyprj" -d CY8C5888LTI-LP097 -s "D:\School\Summer 2020\SoC\PSoC Creator\PSoC Spring 2020\QuangPSoC5OneWire.cydsn\Generated_Source\PSoC5" -- -yv2 -q10 -ygs -o2 -v3 -.fftcfgtype=LE
Elaborating Design...
HDL Generation...
Synthesis...
Tech Mapping...
Analog Placement...
Info: apr.M0002: Analog signal "\ADC_DelSig_1:Net_35\" is connected to one terminal only. (App=cydsfit)
Analog Routing...
Analog Code Generation...
Digital Placement...
Digital Routing...
Bitstream Generation...
Bitstream Verification...
Static timing analysis...
API Generation...
Dependency Generation...
Cleanup...
arm-none-eabi-gcc.exe -mcpu=cortex-m3 -mthumb -I. -IGenerated_Source\PSoC5 -Wa,-alh=.\ARM_GCC_541\Debug/cymetadata.lst -g -ffunction-sections -ffat-lto-objects -O0 -c Generated_Source\PSoC5\cymetadata.c -o .\ARM_GCC_541\Debug\cymetadata.o
arm-none-eabi-ar.exe -rs .\ARM_GCC_541\Debug\QuangPSoC5OneWire.a .\ARM_GCC_541\Debug\ADC_DelSig_1.o .\ARM_GCC_541\Debug\ADC_DelSig_1_PM.o .\ARM_GCC_541\Debug\ADC_DelSig_1_INT.o .\ARM_GCC_541\Debug\Vin.o .\ARM_GCC_541\Debug\UART_1.o .\ARM_GCC_541\Debug\UART_1_PM.o .\ARM_GCC_541\Debug\UART_1_INT.o .\ARM_GCC_541\Debug\UART_1_BOOT.o .\ARM_GCC_541\Debug\OneWireD.o .\ARM_GCC_541\Debug\ADC_DelSig_1_AMux.o .\ARM_GCC_541\Debug\ADC_DelSig_1_Ext_CP_Clk.o .\ARM_GCC_541\Debug\ADC_DelSig_1_IRQ.o .\ARM_GCC_541\Debug\ADC_DelSig_1_theACLK.o .\ARM_GCC_541\Debug\UART_1_IntClock.o .\ARM_GCC_541\Debug\CyDmac.o .\ARM_GCC_541\Debug\CyFlash.o .\ARM_GCC_541\Debug\CyLib.o .\ARM_GCC_541\Debug\cyPm.o .\ARM_GCC_541\Debug\CySpc.o .\ARM_GCC_541\Debug\cyutils.o .\ARM_GCC_541\Debug\cy_em_eeprom.o .\ARM_GCC_541\Debug\CyBootAsmGnu.o
arm-none-eabi-ar.exe: creating .\ARM_GCC_541\Debug\QuangPSoC5OneWire.a
arm-none-eabi-gcc.exe -Wl,--start-group -o "D:\School\Summer 2020\SoC\PSoC Creator\PSoC Spring 2020\QuangPSoC5OneWire.cydsn\ARM_GCC_541\Debug\QuangPSoC5OneWire.elf" .\ARM_GCC_541\Debug\main.o .\ARM_GCC_541\Debug\onewirelib.o .\ARM_GCC_541\Debug\cyfitter_cfg.o .\ARM_GCC_541\Debug\cymetadata.o .\ARM_GCC_541\Debug\Cm3Start.o .\ARM_GCC_541\Debug\QuangPSoC5OneWire.a "D:\School\Summer 2020\SoC\PSoC Creator\4.2\PSoC Creator\psoc\content\cycomponentlibrary\CyComponentLibrary.cylib\CortexM3\ARM_GCC_541\Debug\CyComponentLibrary.a" -mcpu=cortex-m3 -mthumb -L Generated_Source\PSoC5 -Wl,-Map,.\ARM_GCC_541\Debug/QuangPSoC5OneWire.map -T Generated_Source\PSoC5\cm3gcc.ld -specs=nano.specs -u _printf_float -Wl,--gc-sections -u _printf_float -g -ffunction-sections -O0 -ffat-lto-objects -Wl,--end-group
cyelftool.exe -C "D:\School\Summer 2020\SoC\PSoC Creator\PSoC Spring 2020\QuangPSoC5OneWire.cydsn\ARM_GCC_541\Debug\QuangPSoC5OneWire.elf" --flash_row_size 256 --flash_size 262144 --flash_offset 0x00000000
No ELF section .cychecksum found, creating one
Application checksum calculated and stored in ELF section .cychecksum
Checksum calculated and stored in ELF section .cymeta
cyelftool.exe -S "D:\School\Summer 2020\SoC\PSoC Creator\PSoC Spring 2020\QuangPSoC5OneWire.cydsn\ARM_GCC_541\Debug\QuangPSoC5OneWire.elf"
Flash used: 20052 of 262144 bytes (7.6%).
SRAM used: 3061 of 65536 bytes (4.7%). Stack: 2048 bytes. Heap: 512 bytes.
--------------- Build Succeeded: 05/12/2020 16:53:28 ---------------
