--------------- Build Started: 04/18/2020 03:57:14 Project: QuangvPSoC5Servo, Configuration: ARM GCC 5.4-2016-q2-update Debug ---------------
cydsfit.exe -.appdatapath "C:\Users\DELL\AppData\Local\Cypress Semiconductor\PSoC Creator\4.2" -.fdsnotice -.fdswarpdepfile=warp_dependencies.txt -.fdselabdepfile=elab_dependencies.txt -.fdsbldfile=generated_files.txt -.fdsreffile=referenced_files.txt -p "D:\School\Summer 2020\SoC\PSoC Creator\PSoC Spring 2020\QuangvPSoC5Servo.cydsn\QuangvPSoC5Servo.cyprj" -d CY8C5888LTI-LP097 -s "D:\School\Summer 2020\SoC\PSoC Creator\PSoC Spring 2020\QuangvPSoC5Servo.cydsn\Generated_Source\PSoC5" -- -yv2 -q10 -ygs -o2 -v3 -.fftcfgtype=LE
Elaborating Design...
HDL Generation...
Synthesis...
Tech Mapping...
Analog Placement...
Analog Routing...
Analog Code Generation...
Digital Placement...
Digital Routing...
Bitstream Generation...
Bitstream Verification...
Static timing analysis...
API Generation...
Dependency Generation...
Cleanup...
The compile step is up to date, no work needs to be done.
arm-none-eabi-ar.exe -rs .\CortexM3\ARM_GCC_541\Debug\QuangvPSoC5Servo.a .\CortexM3\ARM_GCC_541\Debug\LED1.o .\CortexM3\ARM_GCC_541\Debug\Button.o .\CortexM3\ARM_GCC_541\Debug\CyDmac.o .\CortexM3\ARM_GCC_541\Debug\CyFlash.o .\CortexM3\ARM_GCC_541\Debug\CyLib.o .\CortexM3\ARM_GCC_541\Debug\cyPm.o .\CortexM3\ARM_GCC_541\Debug\CySpc.o .\CortexM3\ARM_GCC_541\Debug\cyutils.o .\CortexM3\ARM_GCC_541\Debug\cy_em_eeprom.o .\CortexM3\ARM_GCC_541\Debug\PWM_Servo.o .\CortexM3\ARM_GCC_541\Debug\PWM_Servo_PM.o .\CortexM3\ARM_GCC_541\Debug\PWMOut.o .\CortexM3\ARM_GCC_541\Debug\isr_button.o .\CortexM3\ARM_GCC_541\Debug\isr_PWM.o .\CortexM3\ARM_GCC_541\Debug\Clock_1MHz.o .\CortexM3\ARM_GCC_541\Debug\CyBootAsmGnu.o
arm-none-eabi-ar.exe: creating .\CortexM3\ARM_GCC_541\Debug\QuangvPSoC5Servo.a
arm-none-eabi-gcc.exe -Wl,--start-group -o "D:\School\Summer 2020\SoC\PSoC Creator\PSoC Spring 2020\QuangvPSoC5Servo.cydsn\CortexM3\ARM_GCC_541\Debug\QuangvPSoC5Servo.elf" .\CortexM3\ARM_GCC_541\Debug\main.o .\CortexM3\ARM_GCC_541\Debug\cyfitter_cfg.o .\CortexM3\ARM_GCC_541\Debug\cymetadata.o .\CortexM3\ARM_GCC_541\Debug\Cm3Start.o .\CortexM3\ARM_GCC_541\Debug\QuangvPSoC5Servo.a "D:\School\Summer 2020\SoC\PSoC Creator\4.2\PSoC Creator\psoc\content\cycomponentlibrary\CyComponentLibrary.cylib\CortexM3\ARM_GCC_541\Debug\CyComponentLibrary.a" -mcpu=cortex-m3 -mthumb -L Generated_Source\PSoC5 -Wl,-Map,.\CortexM3\ARM_GCC_541\Debug/QuangvPSoC5Servo.map -T Generated_Source\PSoC5\cm3gcc.ld -specs=nano.specs -Wl,--gc-sections -g -ffunction-sections -Og -ffat-lto-objects -Wl,--end-group
cyelftool.exe -C "D:\School\Summer 2020\SoC\PSoC Creator\PSoC Spring 2020\QuangvPSoC5Servo.cydsn\CortexM3\ARM_GCC_541\Debug\QuangvPSoC5Servo.elf" --flash_row_size 256 --flash_size 262144 --flash_offset 0x00000000
No ELF section .cychecksum found, creating one
Application checksum calculated and stored in ELF section .cychecksum
Checksum calculated and stored in ELF section .cymeta
cyelftool.exe -S "D:\School\Summer 2020\SoC\PSoC Creator\PSoC Spring 2020\QuangvPSoC5Servo.cydsn\CortexM3\ARM_GCC_541\Debug\QuangvPSoC5Servo.elf"
Flash used: 2046 of 262144 bytes (0.8%).
SRAM used: 2529 of 65536 bytes (3.9%). Stack: 2048 bytes. Heap: 128 bytes.
--------------- Build Succeeded: 04/18/2020 03:57:23 ---------------
